<?xml version="1.0" encoding="UTF-8"?>
<!-- Generated by org.testng.reporters.JUnitXMLReporter -->
<testsuite ignored="0" hostname="LAPTOP-CR4UOQ2N" failures="0" tests="3" name="Default test" time="0.579" errors="0" timestamp="2024-05-05T00:29:52 IST">
  <testcase classname="testcases.TestExtentReports" name="loginTest" time="0.011"/>
  <testcase classname="testcases.TestExtentReports" name="userRegTest" time="0.002"/>
  <testcase classname="testcases.TestExtentReports" name="skipTest" time="0.003">
    <skipped/>
  </testcase> <!-- skipTest -->
</testsuite> <!-- Default test -->
